# JRE version: OpenJDK Runtime Environment (11.0.10) (build 11.0.10+0-b96-7249189)
# Java VM: OpenJDK 64-Bit Server VM (11.0.10+0-b96-7249189, mixed mode, tiered, compressed oops, g1 gc, windows-amd64)
Heap:
 garbage-first heap   total 467968K, used 240106K [0x00000000a0000000, 0x0000000100000000)
  region size 1024K, 17 young (17408K), 8 survivors (8192K)
 Metaspace       used 155153K, capacity 159003K, committed 159204K, reserved 1191936K
  class space    used 18944K, capacity 20456K, committed 20480K, reserved 1048576K
GC Heap History (20 events):
Event: 4255.270 GC heap before
{Heap before GC invocations=98 (full 0):
 garbage-first heap   total 467968K, used 308837K [0x00000000a0000000, 0x0000000100000000)
  region size 1024K, 22 young (22528K), 7 survivors (7168K)
 Metaspace       used 146499K, capacity 150141K, committed 150500K, reserved 1179648K
  class space    used 17942K, capacity 19350K, committed 19456K, reserved 1048576K
}
Event: 4255.334 GC heap after
{Heap after GC invocations=99 (full 0):
 garbage-first heap   total 467968K, used 276342K [0x00000000a0000000, 0x0000000100000000)
  region size 1024K, 3 young (3072K), 3 survivors (3072K)
 Metaspace       used 146499K, capacity 150141K, committed 150500K, reserved 1179648K
  class space    used 17942K, capacity 19350K, committed 19456K, reserved 1048576K
}
Event: 4256.302 GC heap before
{Heap before GC invocations=99 (full 0):
 garbage-first heap   total 467968K, used 356214K [0x00000000a0000000, 0x0000000100000000)
  region size 1024K, 71 young (72704K), 3 survivors (3072K)
 Metaspace       used 146536K, capacity 150157K, committed 150500K, reserved 1179648K
  class space    used 17945K, capacity 19355K, committed 19456K, reserved 1048576K
}
Event: 4256.323 GC heap after
{Heap after GC invocations=100 (full 0):
 garbage-first heap   total 467968K, used 291328K [0x00000000a0000000, 0x0000000100000000)
  region size 1024K, 9 young (9216K), 9 survivors (9216K)
 Metaspace       used 146536K, capacity 150157K, committed 150500K, reserved 1179648K
  class space    used 17945K, capacity 19355K, committed 19456K, reserved 1048576K
}
Event: 4256.695 GC heap before
{Heap before GC invocations=100 (full 0):
 garbage-first heap   total 467968K, used 355840K [0x00000000a0000000, 0x0000000100000000)
  region size 1024K, 58 young (59392K), 9 survivors (9216K)
 Metaspace       used 146552K, capacity 150223K, committed 150500K, reserved 1179648K
  class space    used 17945K, capacity 19355K, committed 19456K, reserved 1048576K
}
Event: 4256.707 GC heap after
{Heap after GC invocations=101 (full 0):
 garbage-first heap   total 467968K, used 305908K [0x00000000a0000000, 0x0000000100000000)
  region size 1024K, 3 young (3072K), 3 survivors (3072K)
 Metaspace       used 146552K, capacity 150223K, committed 150500K, reserved 1179648K
  class space    used 17945K, capacity 19355K, committed 19456K, reserved 1048576K
}
Event: 4257.294 GC heap before
{Heap before GC invocations=101 (full 0):
 garbage-first heap   total 467968K, used 380660K [0x00000000a0000000, 0x0000000100000000)
  region size 1024K, 64 young (65536K), 3 survivors (3072K)
 Metaspace       used 146568K, capacity 150227K, committed 150500K, reserved 1179648K
  class space    used 17945K, capacity 19355K, committed 19456K, reserved 1048576K
}
Event: 4257.305 GC heap after
{Heap after GC invocations=102 (full 0):
 garbage-first heap   total 467968K, used 318058K [0x00000000a0000000, 0x0000000100000000)
  region size 1024K, 8 young (8192K), 8 survivors (8192K)
 Metaspace       used 146568K, capacity 150227K, committed 150500K, reserved 1179648K
  class space    used 17945K, capacity 19355K, committed 19456K, reserved 1048576K
}
Event: 4258.078 GC heap before
{Heap before GC invocations=103 (full 0):
 garbage-first heap   total 467968K, used 388714K [0x00000000a0000000, 0x0000000100000000)
  region size 1024K, 67 young (68608K), 8 survivors (8192K)
 Metaspace       used 146574K, capacity 150227K, committed 150500K, reserved 1179648K
  class space    used 17945K, capacity 19355K, committed 19456K, reserved 1048576K
}
Event: 4258.095 GC heap after
{Heap after GC invocations=104 (full 0):
 garbage-first heap   total 467968K, used 336574K [0x00000000a0000000, 0x0000000100000000)
  region size 1024K, 8 young (8192K), 8 survivors (8192K)
 Metaspace       used 146574K, capacity 150227K, committed 150500K, reserved 1179648K
  class space    used 17945K, capacity 19355K, committed 19456K, reserved 1048576K
}
Event: 4258.225 GC heap before
{Heap before GC invocations=104 (full 0):
 garbage-first heap   total 467968K, used 350910K [0x00000000a0000000, 0x0000000100000000)
  region size 1024K, 22 young (22528K), 8 survivors (8192K)
 Metaspace       used 146582K, capacity 150227K, committed 150500K, reserved 1179648K
  class space    used 17945K, capacity 19355K, committed 19456K, reserved 1048576K
}
Event: 4258.243 GC heap after
{Heap after GC invocations=105 (full 0):
 garbage-first heap   total 467968K, used 333302K [0x00000000a0000000, 0x0000000100000000)
  region size 1024K, 1 young (1024K), 1 survivors (1024K)
 Metaspace       used 146582K, capacity 150227K, committed 150500K, reserved 1179648K
  class space    used 17945K, capacity 19355K, committed 19456K, reserved 1048576K
}
Event: 4258.844 GC heap before
{Heap before GC invocations=105 (full 0):
 garbage-first heap   total 467968K, used 388598K [0x00000000a0000000, 0x0000000100000000)
  region size 1024K, 56 young (57344K), 1 survivors (1024K)
 Metaspace       used 146593K, capacity 150227K, committed 150500K, reserved 1179648K
  class space    used 17945K, capacity 19355K, committed 19456K, reserved 1048576K
}
Event: 4258.851 GC heap after
{Heap after GC invocations=106 (full 0):
 garbage-first heap   total 467968K, used 335350K [0x00000000a0000000, 0x0000000100000000)
  region size 1024K, 3 young (3072K), 3 survivors (3072K)
 Metaspace       used 146593K, capacity 150227K, committed 150500K, reserved 1179648K
  class space    used 17945K, capacity 19355K, committed 19456K, reserved 1048576K
}
Event: 4260.546 GC heap before
{Heap before GC invocations=106 (full 0):
 garbage-first heap   total 467968K, used 391670K [0x00000000a0000000, 0x0000000100000000)
  region size 1024K, 59 young (60416K), 3 survivors (3072K)
 Metaspace       used 152176K, capacity 155969K, committed 156132K, reserved 1185792K
  class space    used 18686K, capacity 20139K, committed 20224K, reserved 1048576K
}
Event: 4260.553 GC heap after
{Heap after GC invocations=107 (full 0):
 garbage-first heap   total 467968K, used 337760K [0x00000000a0000000, 0x0000000100000000)
  region size 1024K, 6 young (6144K), 6 survivors (6144K)
 Metaspace       used 152176K, capacity 155969K, committed 156132K, reserved 1185792K
  class space    used 18686K, capacity 20139K, committed 20224K, reserved 1048576K
}
Event: 4261.066 GC heap before
{Heap before GC invocations=107 (full 0):
 garbage-first heap   total 467968K, used 342880K [0x00000000a0000000, 0x0000000100000000)
  region size 1024K, 12 young (12288K), 6 survivors (6144K)
 Metaspace       used 152782K, capacity 156606K, committed 156900K, reserved 1185792K
  class space    used 18719K, capacity 20181K, committed 20224K, reserved 1048576K
}
Event: 4261.079 GC heap after
{Heap after GC invocations=108 (full 0):
 garbage-first heap   total 467968K, used 339067K [0x00000000a0000000, 0x0000000100000000)
  region size 1024K, 5 young (5120K), 5 survivors (5120K)
 Metaspace       used 152782K, capacity 156606K, committed 156900K, reserved 1185792K
  class space    used 18719K, capacity 20181K, committed 20224K, reserved 1048576K
}
Event: 4263.136 GC heap before
{Heap before GC invocations=109 (full 0):
 garbage-first heap   total 467968K, used 278651K [0x00000000a0000000, 0x0000000100000000)
  region size 1024K, 63 young (64512K), 5 survivors (5120K)
 Metaspace       used 154265K, capacity 158129K, committed 158308K, reserved 1187840K
  class space    used 18857K, capacity 20337K, committed 20352K, reserved 1048576K
}
Event: 4263.159 GC heap after
{Heap after GC invocations=110 (full 0):
 garbage-first heap   total 467968K, used 232938K [0x00000000a0000000, 0x0000000100000000)
  region size 1024K, 8 young (8192K), 8 survivors (8192K)
 Metaspace       used 154265K, capacity 158129K, committed 158308K, reserved 1187840K
  class space    used 18857K, capacity 20337K, committed 20352K, reserved 1048576K
}

